<?xml version="1.0" encoding="UTF-8"?>
<!-- Generated by org.testng.reporters.JUnitXMLReporter -->
<testsuite ignored="0" hostname="DESKTOP-9VQ45CQ" failures="0" tests="3" name="Default test" time="13.117" errors="0" timestamp="2021-09-07T12:51:27 IST">
  <testcase classname="com.mindtree.runner.TestRunner" name="testSearchTitle" time="3.621"/>
  <testcase classname="com.mindtree.runner.TestRunner" name="testSearchTitle" time="3.768"/>
  <testcase classname="com.mindtree.runner.TestRunner" name="testSearchTitle" time="3.688"/>
</testsuite> <!-- Default test -->
