<?xml version="1.0" encoding="UTF-8"?>
<!-- Generated by org.testng.reporters.JUnitXMLReporter -->
<testsuite ignored="0" hostname="DESKTOP-9VQ45CQ" failures="0" tests="3" name="Test" time="13.472" errors="0" timestamp="2021-09-27T11:48:41 IST">
  <testcase classname="com.mindtree.runner.TestRunner" name="testSearchTitle" time="3.289"/>
  <testcase classname="com.mindtree.runner.TestRunner" name="testSearchTitle" time="4.111"/>
  <testcase classname="com.mindtree.runner.TestRunner" name="testSearchTitle" time="3.664"/>
</testsuite> <!-- Test -->
